<?xml version="1.0" encoding="UTF-8"?>
<testsuite xmlns:xsi="http://www.w3.org/2001/XMLSchema-instance" xsi:noNamespaceSchemaLocation="https://maven.apache.org/surefire/maven-surefire-plugin/xsd/surefire-test-report.xsd" name="guru.springframework.sfgpetclinic.controllers.IndexControllerTest" time="0.065" tests="12" errors="0" skipped="6" failures="0">
  <properties>
    <property name="gopherProxySet" value="false"/>
    <property name="awt.toolkit" value="sun.lwawt.macosx.LWCToolkit"/>
    <property name="java.specification.version" value="11"/>
    <property name="sun.cpu.isalist" value=""/>
    <property name="sun.jnu.encoding" value="UTF-8"/>
    <property name="java.class.path" value="/Users/michaelcane/Documents/Programming/Java_Applications/Spring_Framework_Guru/testing-java-junit5/target/test-classes:/Users/michaelcane/Documents/Programming/Java_Applications/Spring_Framework_Guru/testing-java-junit5/target/classes:/Users/michaelcane/.m2/repository/org/apache/commons/commons-lang3/3.8.1/commons-lang3-3.8.1.jar:/Users/michaelcane/.m2/repository/javax/validation/validation-api/2.0.1.Final/validation-api-2.0.1.Final.jar:/Users/michaelcane/.m2/repository/org/junit/jupiter/junit-jupiter-api/5.6.1/junit-jupiter-api-5.6.1.jar:/Users/michaelcane/.m2/repository/org/apiguardian/apiguardian-api/1.1.0/apiguardian-api-1.1.0.jar:/Users/michaelcane/.m2/repository/org/opentest4j/opentest4j/1.2.0/opentest4j-1.2.0.jar:/Users/michaelcane/.m2/repository/org/junit/platform/junit-platform-commons/1.6.1/junit-platform-commons-1.6.1.jar:/Users/michaelcane/.m2/repository/org/junit/jupiter/junit-jupiter-engine/5.6.1/junit-jupiter-engine-5.6.1.jar:/Users/michaelcane/.m2/repository/org/junit/platform/junit-platform-engine/1.6.1/junit-platform-engine-1.6.1.jar:/Users/michaelcane/.m2/repository/org/junit/jupiter/junit-jupiter-params/5.6.1/junit-jupiter-params-5.6.1.jar:"/>
    <property name="java.vm.vendor" value="Oracle Corporation"/>
    <property name="sun.arch.data.model" value="64"/>
    <property name="java.vendor.url" value="http://java.oracle.com/"/>
    <property name="user.timezone" value=""/>
    <property name="java.vm.specification.version" value="11"/>
    <property name="os.name" value="Mac OS X"/>
    <property name="sun.java.launcher" value="SUN_STANDARD"/>
    <property name="user.country" value="US"/>
    <property name="sun.boot.library.path" value="/Library/Java/JavaVirtualMachines/jdk-11.0.1.jdk/Contents/Home/lib"/>
    <property name="sun.java.command" value="/Users/michaelcane/Documents/Programming/Java_Applications/Spring_Framework_Guru/testing-java-junit5/target/surefire/surefirebooter11885371618159908944.jar /Users/michaelcane/Documents/Programming/Java_Applications/Spring_Framework_Guru/testing-java-junit5/target/surefire 2020-04-06T13-54-03_971-jvmRun1 surefire1677163519110999951tmp surefire_017055196250145858749tmp"/>
    <property name="http.nonProxyHosts" value="local|*.local|169.254/16|*.169.254/16"/>
    <property name="jdk.debug" value="release"/>
    <property name="surefire.test.class.path" value="/Users/michaelcane/Documents/Programming/Java_Applications/Spring_Framework_Guru/testing-java-junit5/target/test-classes:/Users/michaelcane/Documents/Programming/Java_Applications/Spring_Framework_Guru/testing-java-junit5/target/classes:/Users/michaelcane/.m2/repository/org/apache/commons/commons-lang3/3.8.1/commons-lang3-3.8.1.jar:/Users/michaelcane/.m2/repository/javax/validation/validation-api/2.0.1.Final/validation-api-2.0.1.Final.jar:/Users/michaelcane/.m2/repository/org/junit/jupiter/junit-jupiter-api/5.6.1/junit-jupiter-api-5.6.1.jar:/Users/michaelcane/.m2/repository/org/apiguardian/apiguardian-api/1.1.0/apiguardian-api-1.1.0.jar:/Users/michaelcane/.m2/repository/org/opentest4j/opentest4j/1.2.0/opentest4j-1.2.0.jar:/Users/michaelcane/.m2/repository/org/junit/platform/junit-platform-commons/1.6.1/junit-platform-commons-1.6.1.jar:/Users/michaelcane/.m2/repository/org/junit/jupiter/junit-jupiter-engine/5.6.1/junit-jupiter-engine-5.6.1.jar:/Users/michaelcane/.m2/repository/org/junit/platform/junit-platform-engine/1.6.1/junit-platform-engine-1.6.1.jar:/Users/michaelcane/.m2/repository/org/junit/jupiter/junit-jupiter-params/5.6.1/junit-jupiter-params-5.6.1.jar:"/>
    <property name="sun.cpu.endian" value="little"/>
    <property name="user.home" value="/Users/michaelcane"/>
    <property name="user.language" value="en"/>
    <property name="java.specification.vendor" value="Oracle Corporation"/>
    <property name="java.version.date" value="2018-10-16"/>
    <property name="java.home" value="/Library/Java/JavaVirtualMachines/jdk-11.0.1.jdk/Contents/Home"/>
    <property name="file.separator" value="/"/>
    <property name="basedir" value="/Users/michaelcane/Documents/Programming/Java_Applications/Spring_Framework_Guru/testing-java-junit5"/>
    <property name="java.vm.compressedOopsMode" value="Zero based"/>
    <property name="line.separator" value="&#10;"/>
    <property name="java.specification.name" value="Java Platform API Specification"/>
    <property name="java.vm.specification.vendor" value="Oracle Corporation"/>
    <property name="java.awt.graphicsenv" value="sun.awt.CGraphicsEnvironment"/>
    <property name="surefire.real.class.path" value="/Users/michaelcane/Documents/Programming/Java_Applications/Spring_Framework_Guru/testing-java-junit5/target/surefire/surefirebooter11885371618159908944.jar"/>
    <property name="sun.management.compiler" value="HotSpot 64-Bit Tiered Compilers"/>
    <property name="ftp.nonProxyHosts" value="local|*.local|169.254/16|*.169.254/16"/>
    <property name="java.runtime.version" value="11.0.1+13-LTS"/>
    <property name="user.name" value="michaelcane"/>
    <property name="path.separator" value=":"/>
    <property name="os.version" value="10.13.6"/>
    <property name="java.runtime.name" value="Java(TM) SE Runtime Environment"/>
    <property name="file.encoding" value="UTF-8"/>
    <property name="java.vm.name" value="Java HotSpot(TM) 64-Bit Server VM"/>
    <property name="java.vendor.version" value="18.9"/>
    <property name="localRepository" value="/Users/michaelcane/.m2/repository"/>
    <property name="java.vendor.url.bug" value="http://bugreport.java.com/bugreport/"/>
    <property name="java.io.tmpdir" value="/var/folders/dk/5ndyhxqj2cg0nvk1ywphcxjh0000gn/T/"/>
    <property name="java.version" value="11.0.1"/>
    <property name="user.dir" value="/Users/michaelcane/Documents/Programming/Java_Applications/Spring_Framework_Guru/testing-java-junit5"/>
    <property name="os.arch" value="x86_64"/>
    <property name="java.vm.specification.name" value="Java Virtual Machine Specification"/>
    <property name="java.awt.printerjob" value="sun.lwawt.macosx.CPrinterJob"/>
    <property name="sun.os.patch.level" value="unknown"/>
    <property name="idea.version2019.3.4" value="true"/>
    <property name="java.library.path" value="/Users/michaelcane/Library/Java/Extensions:/Library/Java/Extensions:/Network/Library/Java/Extensions:/System/Library/Java/Extensions:/usr/lib/java:."/>
    <property name="java.vendor" value="Oracle Corporation"/>
    <property name="java.vm.info" value="mixed mode"/>
    <property name="java.vm.version" value="11.0.1+13-LTS"/>
    <property name="sun.io.unicode.encoding" value="UnicodeBig"/>
    <property name="java.class.version" value="55.0"/>
    <property name="socksNonProxyHosts" value="local|*.local|169.254/16|*.169.254/16"/>
  </properties>
  <testcase name="oopsHandler" classname="guru.springframework.sfgpetclinic.controllers.IndexControllerTest" time="0.005"/>
  <testcase name="testTimeOut" classname="guru.springframework.sfgpetclinic.controllers.IndexControllerTest" time="0">
    <skipped message="Demo of Timeout"/>
  </testcase>
  <testcase name="testMeOnJava11" classname="guru.springframework.sfgpetclinic.controllers.IndexControllerTest" time="0.001"/>
  <testcase name="testMeOnWindows" classname="guru.springframework.sfgpetclinic.controllers.IndexControllerTest" time="0">
    <skipped message="Disabled on operating system: Mac OS X"/>
  </testcase>
  <testcase name="testAssumptionTrue_AssumptionIsTrue" classname="guru.springframework.sfgpetclinic.controllers.IndexControllerTest" time="0.003"/>
  <testcase name="index" classname="guru.springframework.sfgpetclinic.controllers.IndexControllerTest" time="0.001"/>
  <testcase name="testIfUserFred" classname="guru.springframework.sfgpetclinic.controllers.IndexControllerTest" time="0">
    <skipped message="Environment variable [USER] with value [michaelcane] does not match regular expression [fred]"/>
  </testcase>
  <testcase name="testIfUserMike" classname="guru.springframework.sfgpetclinic.controllers.IndexControllerTest" time="0.001"/>
  <testcase name="testTimeOutPrempt" classname="guru.springframework.sfgpetclinic.controllers.IndexControllerTest" time="0">
    <skipped message="Demo of Timeout"/>
  </testcase>
  <testcase name="testMeOnJava8" classname="guru.springframework.sfgpetclinic.controllers.IndexControllerTest" time="0">
    <skipped message="Disabled on JRE version: 11.0.1"/>
  </testcase>
  <testcase name="testMeOnMacOS" classname="guru.springframework.sfgpetclinic.controllers.IndexControllerTest" time="0.001"/>
  <testcase name="testAssumptionTrue" classname="guru.springframework.sfgpetclinic.controllers.IndexControllerTest" time="0">
    <skipped message="Assumption failed: assumption is not true" type="org.opentest4j.TestAbortedException">org.opentest4j.TestAbortedException: Assumption failed: assumption is not true
	at guru.springframework.sfgpetclinic.controllers.IndexControllerTest.testAssumptionTrue(IndexControllerTest.java:58)
</skipped>
  </testcase>
</testsuite>